# JRE version: Java(TM) SE Runtime Environment (16.0.2+7) (build 16.0.2+7-67)
# Java VM: Java HotSpot(TM) 64-Bit Server VM (16.0.2+7-67, mixed mode, sharing, tiered, compressed oops, compressed class ptrs, g1 gc, windows-amd64)
GC Precious Log:
 CPUs: 16 total, 16 available
 Memory: 15789M
 Large Page Support: Disabled
 NUMA Support: Disabled
 Compressed Oops: Enabled (Zero based)
 Heap Region Size: 2M
 Heap Min Capacity: 8M
 Heap Initial Capacity: 248M
 Heap Max Capacity: 3948M
 Pre-touch: Disabled
 Parallel Workers: 13
 Concurrent Workers: 3
 Concurrent Refinement Workers: 13
 Periodic GC: Disabled
Heap:
 garbage-first heap   total 253952K, used 120126K [0x0000000709400000, 0x0000000800000000)
  region size 2048K, 2 young (4096K), 2 survivors (4096K)
 Metaspace       used 15054K, committed 15296K, reserved 1064960K
  class space    used 1922K, committed 2048K, reserved 1048576K
GC Heap History (17 events):
Event: 0.541 GC heap before
{Heap before GC invocations=0 (full 0):
 garbage-first heap   total 253952K, used 22528K [0x0000000709400000, 0x0000000800000000)
  region size 2048K, 11 young (22528K), 0 survivors (0K)
 Metaspace       used 4542K, committed 4736K, reserved 1056768K
  class space    used 564K, committed 640K, reserved 1048576K
}
Event: 0.543 GC heap after
{Heap after GC invocations=1 (full 0):
 garbage-first heap   total 253952K, used 2504K [0x0000000709400000, 0x0000000800000000)
  region size 2048K, 2 young (4096K), 2 survivors (4096K)
 Metaspace       used 4542K, committed 4736K, reserved 1056768K
  class space    used 564K, committed 640K, reserved 1048576K
}
Event: 3.261 GC heap before
{Heap before GC invocations=1 (full 0):
 garbage-first heap   total 253952K, used 41416K [0x0000000709400000, 0x0000000800000000)
  region size 2048K, 20 young (40960K), 2 survivors (4096K)
 Metaspace       used 12492K, committed 12672K, reserved 1064960K
  class space    used 1658K, committed 1728K, reserved 1048576K
}
Event: 3.266 GC heap after
{Heap after GC invocations=2 (full 0):
 garbage-first heap   total 253952K, used 9550K [0x0000000709400000, 0x0000000800000000)
  region size 2048K, 3 young (6144K), 3 survivors (6144K)
 Metaspace       used 12492K, committed 12672K, reserved 1064960K
  class space    used 1658K, committed 1728K, reserved 1048576K
}
Event: 6.268 GC heap before
{Heap before GC invocations=2 (full 0):
 garbage-first heap   total 253952K, used 154958K [0x0000000709400000, 0x0000000800000000)
  region size 2048K, 39 young (79872K), 3 survivors (6144K)
 Metaspace       used 14547K, committed 14784K, reserved 1064960K
  class space    used 1920K, committed 2048K, reserved 1048576K
}
Event: 6.277 GC heap after
{Heap after GC invocations=3 (full 0):
 garbage-first heap   total 253952K, used 95108K [0x0000000709400000, 0x0000000800000000)
  region size 2048K, 5 young (10240K), 5 survivors (10240K)
 Metaspace       used 14547K, committed 14784K, reserved 1064960K
  class space    used 1920K, committed 2048K, reserved 1048576K
}
Event: 10.351 GC heap before
{Heap before GC invocations=3 (full 0):
 garbage-first heap   total 253952K, used 168836K [0x0000000709400000, 0x0000000800000000)
  region size 2048K, 29 young (59392K), 5 survivors (10240K)
 Metaspace       used 15045K, committed 15296K, reserved 1064960K
  class space    used 1922K, committed 2048K, reserved 1048576K
}
Event: 10.355 GC heap after
{Heap after GC invocations=4 (full 0):
 garbage-first heap   total 253952K, used 123771K [0x0000000709400000, 0x0000000800000000)
  region size 2048K, 3 young (6144K), 3 survivors (6144K)
 Metaspace       used 15045K, committed 15296K, reserved 1064960K
  class space    used 1922K, committed 2048K, reserved 1048576K
}
Event: 10.364 GC heap before
{Heap before GC invocations=5 (full 0):
 garbage-first heap   total 253952K, used 134011K [0x0000000709400000, 0x0000000800000000)
  region size 2048K, 4 young (8192K), 3 survivors (6144K)
 Metaspace       used 15048K, committed 15296K, reserved 1064960K
  class space    used 1922K, committed 2048K, reserved 1048576K
}
Event: 10.366 GC heap after
{Heap after GC invocations=6 (full 0):
 garbage-first heap   total 253952K, used 133982K [0x0000000709400000, 0x0000000800000000)
  region size 2048K, 1 young (2048K), 1 survivors (2048K)
 Metaspace       used 15048K, committed 15296K, reserved 1064960K
  class space    used 1922K, committed 2048K, reserved 1048576K
}
Event: 11.115 GC heap before
{Heap before GC invocations=7 (full 0):
 garbage-first heap   total 253952K, used 121694K [0x0000000709400000, 0x0000000800000000)
  region size 2048K, 3 young (6144K), 1 survivors (2048K)
 Metaspace       used 15048K, committed 15296K, reserved 1064960K
  class space    used 1922K, committed 2048K, reserved 1048576K
}
Event: 11.116 GC heap after
{Heap after GC invocations=8 (full 0):
 garbage-first heap   total 253952K, used 120414K [0x0000000709400000, 0x0000000800000000)
  region size 2048K, 1 young (2048K), 1 survivors (2048K)
 Metaspace       used 15048K, committed 15296K, reserved 1064960K
  class space    used 1922K, committed 2048K, reserved 1048576K
}
Event: 11.890 GC heap before
{Heap before GC invocations=9 (full 0):
 garbage-first heap   total 253952K, used 118366K [0x0000000709400000, 0x0000000800000000)
  region size 2048K, 4 young (8192K), 1 survivors (2048K)
 Metaspace       used 15048K, committed 15296K, reserved 1064960K
  class space    used 1922K, committed 2048K, reserved 1048576K
}
Event: 11.891 GC heap after
{Heap after GC invocations=10 (full 0):
 garbage-first heap   total 253952K, used 112787K [0x0000000709400000, 0x0000000800000000)
  region size 2048K, 1 young (2048K), 1 survivors (2048K)
 Metaspace       used 15048K, committed 15296K, reserved 1064960K
  class space    used 1922K, committed 2048K, reserved 1048576K
}
Event: 11.893 GC heap before
{Heap before GC invocations=10 (full 0):
 garbage-first heap   total 253952K, used 114835K [0x0000000709400000, 0x0000000800000000)
  region size 2048K, 2 young (4096K), 1 survivors (2048K)
 Metaspace       used 15048K, committed 15296K, reserved 1064960K
  class space    used 1922K, committed 2048K, reserved 1048576K
}
Event: 11.894 GC heap after
{Heap after GC invocations=11 (full 0):
 garbage-first heap   total 253952K, used 114829K [0x0000000709400000, 0x0000000800000000)
  region size 2048K, 1 young (2048K), 1 survivors (2048K)
 Metaspace       used 15048K, committed 15296K, reserved 1064960K
  class space    used 1922K, committed 2048K, reserved 1048576K
}
Event: 12.650 GC heap before
{Heap before GC invocations=12 (full 0):
 garbage-first heap   total 253952K, used 125069K [0x0000000709400000, 0x0000000800000000)
  region size 2048K, 4 young (8192K), 1 survivors (2048K)
 Metaspace       used 15054K, committed 15296K, reserved 1064960K
  class space    used 1922K, committed 2048K, reserved 1048576K
}

